2023/11/22 22:34:21 [error] 20#20: *19 open() "/app/staticfiles/css/bootstrap.min.css.map" failed (2: No such file or directory), client: 192.168.65.1, server: localhost, request: "GET /static/css/bootstrap.min.css.map HTTP/1.1", host: "127.0.0.1"
2023/11/25 04:09:48 [notice] 1#1: using the "epoll" event method
2023/11/25 04:09:48 [notice] 1#1: nginx/1.25.3
2023/11/25 04:09:48 [notice] 1#1: built by gcc 12.2.0 (Debian 12.2.0-14) 
2023/11/25 04:09:48 [notice] 1#1: OS: Linux 6.4.16-linuxkit
2023/11/25 04:09:48 [notice] 1#1: getrlimit(RLIMIT_NOFILE): 1048576:1048576
2023/11/25 04:09:48 [notice] 1#1: start worker processes
2023/11/25 04:09:48 [notice] 1#1: start worker process 20
2023/11/25 04:09:48 [notice] 1#1: start worker process 21
2023/11/25 04:09:48 [notice] 1#1: start worker process 22
2023/11/25 04:09:48 [notice] 1#1: start worker process 23
2023/11/25 04:09:48 [notice] 1#1: start worker process 24
2023/11/25 04:09:48 [notice] 1#1: start worker process 25
2023/11/25 04:09:48 [notice] 1#1: start worker process 26
2023/11/25 04:09:48 [notice] 1#1: start worker process 27
2023/11/25 22:33:11 [notice] 1#1: signal 3 (SIGQUIT) received, shutting down
2023/11/25 22:33:11 [notice] 20#20: gracefully shutting down
2023/11/25 22:33:11 [notice] 25#25: gracefully shutting down
2023/11/25 22:33:11 [notice] 22#22: gracefully shutting down
2023/11/25 22:33:11 [notice] 23#23: gracefully shutting down
2023/11/25 22:33:11 [notice] 24#24: gracefully shutting down
2023/11/25 22:33:11 [notice] 21#21: gracefully shutting down
2023/11/25 22:33:11 [notice] 26#26: gracefully shutting down
2023/11/25 22:33:11 [notice] 27#27: gracefully shutting down
2023/11/25 22:33:11 [notice] 25#25: exiting
2023/11/25 22:33:11 [notice] 22#22: exiting
2023/11/25 22:33:11 [notice] 20#20: exiting
2023/11/25 22:33:11 [notice] 24#24: exiting
2023/11/25 22:33:11 [notice] 20#20: exit
2023/11/25 22:33:11 [notice] 21#21: exiting
2023/11/25 22:33:11 [notice] 23#23: exiting
2023/11/25 22:33:11 [notice] 26#26: exiting
2023/11/25 22:33:11 [notice] 25#25: exit
2023/11/25 22:33:11 [notice] 22#22: exit
2023/11/25 22:33:11 [notice] 27#27: exiting
2023/11/25 22:33:11 [notice] 24#24: exit
2023/11/25 22:33:11 [notice] 26#26: exit
2023/11/25 22:33:11 [notice] 23#23: exit
2023/11/25 22:33:11 [notice] 21#21: exit
2023/11/25 22:33:11 [notice] 27#27: exit
2023/11/25 22:33:11 [notice] 1#1: signal 17 (SIGCHLD) received from 25
2023/11/25 22:33:11 [notice] 1#1: worker process 22 exited with code 0
2023/11/25 22:33:11 [notice] 1#1: worker process 25 exited with code 0
2023/11/25 22:33:11 [notice] 1#1: worker process 27 exited with code 0
2023/11/25 22:33:11 [notice] 1#1: signal 29 (SIGIO) received
2023/11/25 22:33:11 [notice] 1#1: signal 17 (SIGCHLD) received from 24
2023/11/25 22:33:11 [notice] 1#1: worker process 24 exited with code 0
2023/11/25 22:33:11 [notice] 1#1: worker process 23 exited with code 0
2023/11/25 22:33:11 [notice] 1#1: worker process 21 exited with code 0
2023/11/25 22:33:11 [notice] 1#1: worker process 26 exited with code 0
2023/11/25 22:33:11 [notice] 1#1: signal 17 (SIGCHLD) received from 26
2023/11/25 22:33:11 [notice] 1#1: signal 29 (SIGIO) received
2023/11/25 22:33:11 [notice] 1#1: signal 17 (SIGCHLD) received from 20
2023/11/25 22:33:11 [notice] 1#1: worker process 20 exited with code 0
2023/11/25 22:33:11 [notice] 1#1: exit
2023/11/25 22:33:55 [notice] 1#1: using the "epoll" event method
2023/11/25 22:33:55 [notice] 1#1: nginx/1.25.3
2023/11/25 22:33:55 [notice] 1#1: built by gcc 12.2.0 (Debian 12.2.0-14) 
2023/11/25 22:33:55 [notice] 1#1: OS: Linux 6.4.16-linuxkit
2023/11/25 22:33:55 [notice] 1#1: getrlimit(RLIMIT_NOFILE): 1048576:1048576
2023/11/25 22:33:55 [notice] 1#1: start worker processes
2023/11/25 22:33:55 [notice] 1#1: start worker process 20
2023/11/25 22:33:55 [notice] 1#1: start worker process 21
2023/11/25 22:33:55 [notice] 1#1: start worker process 22
2023/11/25 22:33:55 [notice] 1#1: start worker process 23
2023/11/25 22:33:55 [notice] 1#1: start worker process 24
2023/11/25 22:33:55 [notice] 1#1: start worker process 25
2023/11/25 22:33:55 [notice] 1#1: start worker process 26
2023/11/25 22:33:55 [notice] 1#1: start worker process 27
2023/11/25 22:35:32 [error] 22#22: *5 open() "/app/staticfiles/css/bootstrap.min.css.map" failed (2: No such file or directory), client: 192.168.65.1, server: localhost, request: "GET /static/css/bootstrap.min.css.map HTTP/1.1", host: "127.0.0.1"
